<?xml version="1.0" encoding="UTF-8"?>
<!-- Generated by org.testng.reporters.JUnitReportReporter -->
<testsuite skipped="0" hostname="CCI-LPT-103" name="com.bungii.Parallel01IT" tests="1" failures="0" timestamp="05 Dec 2018 09:30:34 GMT" time="26.306" errors="0">
  <testcase name="runScenario" time="26.306" classname="com.bungii.Parallel01IT"/>
</testsuite> <!-- com.bungii.Parallel01IT -->
